<?xml version="1.0" encoding="UTF-8"?>
<!-- Generated by org.testng.reporters.JUnitReportReporter -->
<testsuite ignored="0" hostname="LAP-45302Technology" failures="0" tests="1" name="login.Login" time="5.471" errors="0" timestamp="05 Sep 2021 16:20:14 GMT" skipped="0">
  <testcase classname="login.Login" name="test" time="5.471"/>
</testsuite> <!-- login.Login -->
