<?xml version="1.0" encoding="UTF-8"?>
<!-- Generated by org.testng.reporters.JUnitReportReporter -->
<testsuite ignored="0" hostname="LAP-45302Technology" failures="0" tests="1" name="login.SpecTest" time="5.378" errors="0" timestamp="04 Sep 2021 11:02:14 GMT" skipped="0">
  <testcase classname="login.SpecTest" name="getRequest" time="5.378"/>
</testsuite> <!-- login.SpecTest -->
